   0  $accept : %entry% $end

   1  program : decls EOF

   2  decls :
   3        | decls vdecl
   4        | decls fdecl
   5        | decls sdecl

   6  fdecl : typ ID LPAREN formals_opt RPAREN LBRACE vdecl_list stmt_list RBRACE

   7  formals_opt :
   8              | formal_list

   9  formal_list : typ ID
  10              | formal_list COMMA typ ID

  11  dtyp : INT
  12       | STRING
  13       | FLOAT
  14       | CHAR

  15  atyp : dtyp dim_list

  16  typ : dtyp
  17      | atyp
  18      | BOOL
  19      | VOID
  20      | STRUCT ID

  21  dim_list : LSQUARE RSQUARE
  22           | LSQUARE RSQUARE dim_list

  23  index : LINDEX expr RINDEX

  24  vdecl_list :
  25             | vdecl_list vdecl

  26  vdecl : typ ID SEMI
  27        | typ ID ASSIGN expr SEMI

  28  sdecl : STRUCT ID LBRACE vdecl_list RBRACE SEMI

  29  stmt_list :
  30            | stmt_list stmt

  31  stmt : expr SEMI
  32       | RETURN SEMI
  33       | RETURN expr SEMI
  34       | LBRACE stmt_list RBRACE
  35       | IF LPAREN expr RPAREN stmt
  36       | IF LPAREN expr RPAREN stmt ELSE stmt
  37       | FOR LPAREN expr_opt SEMI expr SEMI expr_opt RPAREN stmt
  38       | WHILE LPAREN expr RPAREN stmt

  39  expr_opt :
  40           | expr

  41  id : ID

  42  val_list : expr
  43           | expr COMMA val_list

  44  simple_arr_literal : LSQUARE val_list RSQUARE

  45  expr : NUM_LIT
  46       | FLOAT_LIT
  47       | STRING_LIT
  48       | CHAR_LITERAL
  49       | simple_arr_literal
  50       | expr index
  51       | TRUE
  52       | FALSE
  53       | ID
  54       | id INCREMENT
  55       | id DECREMENT
  56       | expr PLUS expr
  57       | expr MINUS expr
  58       | expr TIMES expr
  59       | expr DIVIDE expr
  60       | expr EQ expr
  61       | expr NEQ expr
  62       | expr LT expr
  63       | expr LEQ expr
  64       | expr GT expr
  65       | expr GEQ expr
  66       | expr AND expr
  67       | expr OR expr
  68       | MINUS expr
  69       | NOT expr
  70       | expr ASSIGN expr
  71       | expr DOT ID
  72       | ID LPAREN actuals_opt RPAREN
  73       | ID LSQUARE expr RSQUARE
  74       | LPAREN expr RPAREN

  75  actuals_opt :
  76              | actuals_list

  77  actuals_list : expr
  78               | actuals_list COMMA expr

  79  %entry% : '\001' program

state 0
	$accept : . %entry% $end  (0)

	'\001'  shift 1
	.  error

	%entry%  goto 2


state 1
	%entry% : '\001' . program  (79)
	decls : .  (2)

	.  reduce 2

	program  goto 3
	decls  goto 4


state 2
	$accept : %entry% . $end  (0)

	$end  accept


state 3
	%entry% : '\001' program .  (79)

	.  reduce 79


state 4
	program : decls . EOF  (1)
	decls : decls . vdecl  (3)
	decls : decls . fdecl  (4)
	decls : decls . sdecl  (5)

	INT  shift 5
	FLOAT  shift 6
	BOOL  shift 7
	VOID  shift 8
	CHAR  shift 9
	STRING  shift 10
	STRUCT  shift 11
	EOF  shift 12
	.  error

	vdecl  goto 13
	fdecl  goto 14
	sdecl  goto 15
	typ  goto 16
	dtyp  goto 17
	atyp  goto 18


state 5
	dtyp : INT .  (11)

	.  reduce 11


state 6
	dtyp : FLOAT .  (13)

	.  reduce 13


state 7
	typ : BOOL .  (18)

	.  reduce 18


state 8
	typ : VOID .  (19)

	.  reduce 19


state 9
	dtyp : CHAR .  (14)

	.  reduce 14


state 10
	dtyp : STRING .  (12)

	.  reduce 12


state 11
	typ : STRUCT . ID  (20)
	sdecl : STRUCT . ID LBRACE vdecl_list RBRACE SEMI  (28)

	ID  shift 19
	.  error


state 12
	program : decls EOF .  (1)

	.  reduce 1


state 13
	decls : decls vdecl .  (3)

	.  reduce 3


state 14
	decls : decls fdecl .  (4)

	.  reduce 4


state 15
	decls : decls sdecl .  (5)

	.  reduce 5


state 16
	fdecl : typ . ID LPAREN formals_opt RPAREN LBRACE vdecl_list stmt_list RBRACE  (6)
	vdecl : typ . ID SEMI  (26)
	vdecl : typ . ID ASSIGN expr SEMI  (27)

	ID  shift 20
	.  error


state 17
	atyp : dtyp . dim_list  (15)
	typ : dtyp .  (16)

	LSQUARE  shift 21
	ID  reduce 16

	dim_list  goto 22


state 18
	typ : atyp .  (17)

	.  reduce 17


state 19
	typ : STRUCT ID .  (20)
	sdecl : STRUCT ID . LBRACE vdecl_list RBRACE SEMI  (28)

	LBRACE  shift 23
	ID  reduce 20


state 20
	fdecl : typ ID . LPAREN formals_opt RPAREN LBRACE vdecl_list stmt_list RBRACE  (6)
	vdecl : typ ID . SEMI  (26)
	vdecl : typ ID . ASSIGN expr SEMI  (27)

	SEMI  shift 24
	LPAREN  shift 25
	ASSIGN  shift 26
	.  error


state 21
	dim_list : LSQUARE . RSQUARE  (21)
	dim_list : LSQUARE . RSQUARE dim_list  (22)

	RSQUARE  shift 27
	.  error


state 22
	atyp : dtyp dim_list .  (15)

	.  reduce 15


state 23
	sdecl : STRUCT ID LBRACE . vdecl_list RBRACE SEMI  (28)
	vdecl_list : .  (24)

	.  reduce 24

	vdecl_list  goto 28


state 24
	vdecl : typ ID SEMI .  (26)

	.  reduce 26


state 25
	fdecl : typ ID LPAREN . formals_opt RPAREN LBRACE vdecl_list stmt_list RBRACE  (6)
	formals_opt : .  (7)

	INT  shift 5
	FLOAT  shift 6
	BOOL  shift 7
	VOID  shift 8
	CHAR  shift 9
	STRING  shift 10
	STRUCT  shift 29
	RPAREN  reduce 7

	typ  goto 30
	formals_opt  goto 31
	formal_list  goto 32
	dtyp  goto 17
	atyp  goto 18


state 26
	vdecl : typ ID ASSIGN . expr SEMI  (27)

	LPAREN  shift 33
	LSQUARE  shift 34
	MINUS  shift 35
	NOT  shift 36
	TRUE  shift 37
	FALSE  shift 38
	NUM_LIT  shift 39
	FLOAT_LIT  shift 40
	STRING_LIT  shift 41
	CHAR_LITERAL  shift 42
	ID  shift 43
	.  error

	expr  goto 44
	id  goto 45
	simple_arr_literal  goto 46


state 27
	dim_list : LSQUARE RSQUARE .  (21)
	dim_list : LSQUARE RSQUARE . dim_list  (22)

	LSQUARE  shift 21
	ID  reduce 21

	dim_list  goto 47


state 28
	vdecl_list : vdecl_list . vdecl  (25)
	sdecl : STRUCT ID LBRACE vdecl_list . RBRACE SEMI  (28)

	RBRACE  shift 48
	INT  shift 5
	FLOAT  shift 6
	BOOL  shift 7
	VOID  shift 8
	CHAR  shift 9
	STRING  shift 10
	STRUCT  shift 29
	.  error

	vdecl  goto 49
	typ  goto 50
	dtyp  goto 17
	atyp  goto 18


state 29
	typ : STRUCT . ID  (20)

	ID  shift 51
	.  error


state 30
	formal_list : typ . ID  (9)

	ID  shift 52
	.  error


state 31
	fdecl : typ ID LPAREN formals_opt . RPAREN LBRACE vdecl_list stmt_list RBRACE  (6)

	RPAREN  shift 53
	.  error


state 32
	formals_opt : formal_list .  (8)
	formal_list : formal_list . COMMA typ ID  (10)

	COMMA  shift 54
	RPAREN  reduce 8


state 33
	expr : LPAREN . expr RPAREN  (74)

	LPAREN  shift 33
	LSQUARE  shift 34
	MINUS  shift 35
	NOT  shift 36
	TRUE  shift 37
	FALSE  shift 38
	NUM_LIT  shift 39
	FLOAT_LIT  shift 40
	STRING_LIT  shift 41
	CHAR_LITERAL  shift 42
	ID  shift 43
	.  error

	expr  goto 55
	id  goto 45
	simple_arr_literal  goto 46


state 34
	simple_arr_literal : LSQUARE . val_list RSQUARE  (44)

	LPAREN  shift 33
	LSQUARE  shift 34
	MINUS  shift 35
	NOT  shift 36
	TRUE  shift 37
	FALSE  shift 38
	NUM_LIT  shift 39
	FLOAT_LIT  shift 40
	STRING_LIT  shift 41
	CHAR_LITERAL  shift 42
	ID  shift 43
	.  error

	expr  goto 56
	id  goto 45
	val_list  goto 57
	simple_arr_literal  goto 46


state 35
	expr : MINUS . expr  (68)

	LPAREN  shift 33
	LSQUARE  shift 34
	MINUS  shift 35
	NOT  shift 36
	TRUE  shift 37
	FALSE  shift 38
	NUM_LIT  shift 39
	FLOAT_LIT  shift 40
	STRING_LIT  shift 41
	CHAR_LITERAL  shift 42
	ID  shift 43
	.  error

	expr  goto 58
	id  goto 45
	simple_arr_literal  goto 46


state 36
	expr : NOT . expr  (69)

	LPAREN  shift 33
	LSQUARE  shift 34
	MINUS  shift 35
	NOT  shift 36
	TRUE  shift 37
	FALSE  shift 38
	NUM_LIT  shift 39
	FLOAT_LIT  shift 40
	STRING_LIT  shift 41
	CHAR_LITERAL  shift 42
	ID  shift 43
	.  error

	expr  goto 59
	id  goto 45
	simple_arr_literal  goto 46


state 37
	expr : TRUE .  (51)

	.  reduce 51


state 38
	expr : FALSE .  (52)

	.  reduce 52


state 39
	expr : NUM_LIT .  (45)

	.  reduce 45


state 40
	expr : FLOAT_LIT .  (46)

	.  reduce 46


state 41
	expr : STRING_LIT .  (47)

	.  reduce 47


state 42
	expr : CHAR_LITERAL .  (48)

	.  reduce 48


state 43
	id : ID .  (41)
	expr : ID .  (53)
	expr : ID . LPAREN actuals_opt RPAREN  (72)
	expr : ID . LSQUARE expr RSQUARE  (73)

	LPAREN  shift 60
	LSQUARE  shift 61
	SEMI  reduce 53
	RPAREN  reduce 53
	RSQUARE  reduce 53
	COMMA  reduce 53
	PLUS  reduce 53
	MINUS  reduce 53
	TIMES  reduce 53
	DIVIDE  reduce 53
	ASSIGN  reduce 53
	DECREMENT  reduce 41
	INCREMENT  reduce 41
	EQ  reduce 53
	NEQ  reduce 53
	LT  reduce 53
	LEQ  reduce 53
	GT  reduce 53
	GEQ  reduce 53
	AND  reduce 53
	OR  reduce 53
	DOT  reduce 53
	LINDEX  reduce 53
	RINDEX  reduce 53


state 44
	vdecl : typ ID ASSIGN expr . SEMI  (27)
	expr : expr . index  (50)
	expr : expr . PLUS expr  (56)
	expr : expr . MINUS expr  (57)
	expr : expr . TIMES expr  (58)
	expr : expr . DIVIDE expr  (59)
	expr : expr . EQ expr  (60)
	expr : expr . NEQ expr  (61)
	expr : expr . LT expr  (62)
	expr : expr . LEQ expr  (63)
	expr : expr . GT expr  (64)
	expr : expr . GEQ expr  (65)
	expr : expr . AND expr  (66)
	expr : expr . OR expr  (67)
	expr : expr . ASSIGN expr  (70)
	expr : expr . DOT ID  (71)

	SEMI  shift 62
	PLUS  shift 63
	MINUS  shift 64
	TIMES  shift 65
	DIVIDE  shift 66
	ASSIGN  shift 67
	EQ  shift 68
	NEQ  shift 69
	LT  shift 70
	LEQ  shift 71
	GT  shift 72
	GEQ  shift 73
	AND  shift 74
	OR  shift 75
	DOT  shift 76
	LINDEX  shift 77
	.  error

	index  goto 78


state 45
	expr : id . INCREMENT  (54)
	expr : id . DECREMENT  (55)

	DECREMENT  shift 79
	INCREMENT  shift 80
	.  error


state 46
	expr : simple_arr_literal .  (49)

	.  reduce 49


state 47
	dim_list : LSQUARE RSQUARE dim_list .  (22)

	.  reduce 22


state 48
	sdecl : STRUCT ID LBRACE vdecl_list RBRACE . SEMI  (28)

	SEMI  shift 81
	.  error


state 49
	vdecl_list : vdecl_list vdecl .  (25)

	.  reduce 25


state 50
	vdecl : typ . ID SEMI  (26)
	vdecl : typ . ID ASSIGN expr SEMI  (27)

	ID  shift 82
	.  error


state 51
	typ : STRUCT ID .  (20)

	.  reduce 20


state 52
	formal_list : typ ID .  (9)

	.  reduce 9


state 53
	fdecl : typ ID LPAREN formals_opt RPAREN . LBRACE vdecl_list stmt_list RBRACE  (6)

	LBRACE  shift 83
	.  error


state 54
	formal_list : formal_list COMMA . typ ID  (10)

	INT  shift 5
	FLOAT  shift 6
	BOOL  shift 7
	VOID  shift 8
	CHAR  shift 9
	STRING  shift 10
	STRUCT  shift 29
	.  error

	typ  goto 84
	dtyp  goto 17
	atyp  goto 18


state 55
	expr : expr . index  (50)
	expr : expr . PLUS expr  (56)
	expr : expr . MINUS expr  (57)
	expr : expr . TIMES expr  (58)
	expr : expr . DIVIDE expr  (59)
	expr : expr . EQ expr  (60)
	expr : expr . NEQ expr  (61)
	expr : expr . LT expr  (62)
	expr : expr . LEQ expr  (63)
	expr : expr . GT expr  (64)
	expr : expr . GEQ expr  (65)
	expr : expr . AND expr  (66)
	expr : expr . OR expr  (67)
	expr : expr . ASSIGN expr  (70)
	expr : expr . DOT ID  (71)
	expr : LPAREN expr . RPAREN  (74)

	RPAREN  shift 85
	PLUS  shift 63
	MINUS  shift 64
	TIMES  shift 65
	DIVIDE  shift 66
	ASSIGN  shift 67
	EQ  shift 68
	NEQ  shift 69
	LT  shift 70
	LEQ  shift 71
	GT  shift 72
	GEQ  shift 73
	AND  shift 74
	OR  shift 75
	DOT  shift 76
	LINDEX  shift 77
	.  error

	index  goto 78


state 56
	val_list : expr .  (42)
	val_list : expr . COMMA val_list  (43)
	expr : expr . index  (50)
	expr : expr . PLUS expr  (56)
	expr : expr . MINUS expr  (57)
	expr : expr . TIMES expr  (58)
	expr : expr . DIVIDE expr  (59)
	expr : expr . EQ expr  (60)
	expr : expr . NEQ expr  (61)
	expr : expr . LT expr  (62)
	expr : expr . LEQ expr  (63)
	expr : expr . GT expr  (64)
	expr : expr . GEQ expr  (65)
	expr : expr . AND expr  (66)
	expr : expr . OR expr  (67)
	expr : expr . ASSIGN expr  (70)
	expr : expr . DOT ID  (71)

	COMMA  shift 86
	PLUS  shift 63
	MINUS  shift 64
	TIMES  shift 65
	DIVIDE  shift 66
	ASSIGN  shift 67
	EQ  shift 68
	NEQ  shift 69
	LT  shift 70
	LEQ  shift 71
	GT  shift 72
	GEQ  shift 73
	AND  shift 74
	OR  shift 75
	DOT  shift 76
	LINDEX  shift 77
	RSQUARE  reduce 42

	index  goto 78


state 57
	simple_arr_literal : LSQUARE val_list . RSQUARE  (44)

	RSQUARE  shift 87
	.  error


58: shift/reduce conflict (shift 77, reduce 68) on LINDEX
state 58
	expr : expr . index  (50)
	expr : expr . PLUS expr  (56)
	expr : expr . MINUS expr  (57)
	expr : expr . TIMES expr  (58)
	expr : expr . DIVIDE expr  (59)
	expr : expr . EQ expr  (60)
	expr : expr . NEQ expr  (61)
	expr : expr . LT expr  (62)
	expr : expr . LEQ expr  (63)
	expr : expr . GT expr  (64)
	expr : expr . GEQ expr  (65)
	expr : expr . AND expr  (66)
	expr : expr . OR expr  (67)
	expr : MINUS expr .  (68)
	expr : expr . ASSIGN expr  (70)
	expr : expr . DOT ID  (71)

	LINDEX  shift 77
	SEMI  reduce 68
	RPAREN  reduce 68
	RSQUARE  reduce 68
	COMMA  reduce 68
	PLUS  reduce 68
	MINUS  reduce 68
	TIMES  reduce 68
	DIVIDE  reduce 68
	ASSIGN  reduce 68
	EQ  reduce 68
	NEQ  reduce 68
	LT  reduce 68
	LEQ  reduce 68
	GT  reduce 68
	GEQ  reduce 68
	AND  reduce 68
	OR  reduce 68
	DOT  reduce 68
	RINDEX  reduce 68

	index  goto 78


59: shift/reduce conflict (shift 77, reduce 69) on LINDEX
state 59
	expr : expr . index  (50)
	expr : expr . PLUS expr  (56)
	expr : expr . MINUS expr  (57)
	expr : expr . TIMES expr  (58)
	expr : expr . DIVIDE expr  (59)
	expr : expr . EQ expr  (60)
	expr : expr . NEQ expr  (61)
	expr : expr . LT expr  (62)
	expr : expr . LEQ expr  (63)
	expr : expr . GT expr  (64)
	expr : expr . GEQ expr  (65)
	expr : expr . AND expr  (66)
	expr : expr . OR expr  (67)
	expr : NOT expr .  (69)
	expr : expr . ASSIGN expr  (70)
	expr : expr . DOT ID  (71)

	LINDEX  shift 77
	SEMI  reduce 69
	RPAREN  reduce 69
	RSQUARE  reduce 69
	COMMA  reduce 69
	PLUS  reduce 69
	MINUS  reduce 69
	TIMES  reduce 69
	DIVIDE  reduce 69
	ASSIGN  reduce 69
	EQ  reduce 69
	NEQ  reduce 69
	LT  reduce 69
	LEQ  reduce 69
	GT  reduce 69
	GEQ  reduce 69
	AND  reduce 69
	OR  reduce 69
	DOT  reduce 69
	RINDEX  reduce 69

	index  goto 78


state 60
	expr : ID LPAREN . actuals_opt RPAREN  (72)
	actuals_opt : .  (75)

	LPAREN  shift 33
	LSQUARE  shift 34
	MINUS  shift 35
	NOT  shift 36
	TRUE  shift 37
	FALSE  shift 38
	NUM_LIT  shift 39
	FLOAT_LIT  shift 40
	STRING_LIT  shift 41
	CHAR_LITERAL  shift 42
	ID  shift 43
	RPAREN  reduce 75

	expr  goto 88
	id  goto 45
	simple_arr_literal  goto 46
	actuals_opt  goto 89
	actuals_list  goto 90


state 61
	expr : ID LSQUARE . expr RSQUARE  (73)

	LPAREN  shift 33
	LSQUARE  shift 34
	MINUS  shift 35
	NOT  shift 36
	TRUE  shift 37
	FALSE  shift 38
	NUM_LIT  shift 39
	FLOAT_LIT  shift 40
	STRING_LIT  shift 41
	CHAR_LITERAL  shift 42
	ID  shift 43
	.  error

	expr  goto 91
	id  goto 45
	simple_arr_literal  goto 46


state 62
	vdecl : typ ID ASSIGN expr SEMI .  (27)

	.  reduce 27


state 63
	expr : expr PLUS . expr  (56)

	LPAREN  shift 33
	LSQUARE  shift 34
	MINUS  shift 35
	NOT  shift 36
	TRUE  shift 37
	FALSE  shift 38
	NUM_LIT  shift 39
	FLOAT_LIT  shift 40
	STRING_LIT  shift 41
	CHAR_LITERAL  shift 42
	ID  shift 43
	.  error

	expr  goto 92
	id  goto 45
	simple_arr_literal  goto 46


state 64
	expr : expr MINUS . expr  (57)

	LPAREN  shift 33
	LSQUARE  shift 34
	MINUS  shift 35
	NOT  shift 36
	TRUE  shift 37
	FALSE  shift 38
	NUM_LIT  shift 39
	FLOAT_LIT  shift 40
	STRING_LIT  shift 41
	CHAR_LITERAL  shift 42
	ID  shift 43
	.  error

	expr  goto 93
	id  goto 45
	simple_arr_literal  goto 46


state 65
	expr : expr TIMES . expr  (58)

	LPAREN  shift 33
	LSQUARE  shift 34
	MINUS  shift 35
	NOT  shift 36
	TRUE  shift 37
	FALSE  shift 38
	NUM_LIT  shift 39
	FLOAT_LIT  shift 40
	STRING_LIT  shift 41
	CHAR_LITERAL  shift 42
	ID  shift 43
	.  error

	expr  goto 94
	id  goto 45
	simple_arr_literal  goto 46


state 66
	expr : expr DIVIDE . expr  (59)

	LPAREN  shift 33
	LSQUARE  shift 34
	MINUS  shift 35
	NOT  shift 36
	TRUE  shift 37
	FALSE  shift 38
	NUM_LIT  shift 39
	FLOAT_LIT  shift 40
	STRING_LIT  shift 41
	CHAR_LITERAL  shift 42
	ID  shift 43
	.  error

	expr  goto 95
	id  goto 45
	simple_arr_literal  goto 46


state 67
	expr : expr ASSIGN . expr  (70)

	LPAREN  shift 33
	LSQUARE  shift 34
	MINUS  shift 35
	NOT  shift 36
	TRUE  shift 37
	FALSE  shift 38
	NUM_LIT  shift 39
	FLOAT_LIT  shift 40
	STRING_LIT  shift 41
	CHAR_LITERAL  shift 42
	ID  shift 43
	.  error

	expr  goto 96
	id  goto 45
	simple_arr_literal  goto 46


state 68
	expr : expr EQ . expr  (60)

	LPAREN  shift 33
	LSQUARE  shift 34
	MINUS  shift 35
	NOT  shift 36
	TRUE  shift 37
	FALSE  shift 38
	NUM_LIT  shift 39
	FLOAT_LIT  shift 40
	STRING_LIT  shift 41
	CHAR_LITERAL  shift 42
	ID  shift 43
	.  error

	expr  goto 97
	id  goto 45
	simple_arr_literal  goto 46


state 69
	expr : expr NEQ . expr  (61)

	LPAREN  shift 33
	LSQUARE  shift 34
	MINUS  shift 35
	NOT  shift 36
	TRUE  shift 37
	FALSE  shift 38
	NUM_LIT  shift 39
	FLOAT_LIT  shift 40
	STRING_LIT  shift 41
	CHAR_LITERAL  shift 42
	ID  shift 43
	.  error

	expr  goto 98
	id  goto 45
	simple_arr_literal  goto 46


state 70
	expr : expr LT . expr  (62)

	LPAREN  shift 33
	LSQUARE  shift 34
	MINUS  shift 35
	NOT  shift 36
	TRUE  shift 37
	FALSE  shift 38
	NUM_LIT  shift 39
	FLOAT_LIT  shift 40
	STRING_LIT  shift 41
	CHAR_LITERAL  shift 42
	ID  shift 43
	.  error

	expr  goto 99
	id  goto 45
	simple_arr_literal  goto 46


state 71
	expr : expr LEQ . expr  (63)

	LPAREN  shift 33
	LSQUARE  shift 34
	MINUS  shift 35
	NOT  shift 36
	TRUE  shift 37
	FALSE  shift 38
	NUM_LIT  shift 39
	FLOAT_LIT  shift 40
	STRING_LIT  shift 41
	CHAR_LITERAL  shift 42
	ID  shift 43
	.  error

	expr  goto 100
	id  goto 45
	simple_arr_literal  goto 46


state 72
	expr : expr GT . expr  (64)

	LPAREN  shift 33
	LSQUARE  shift 34
	MINUS  shift 35
	NOT  shift 36
	TRUE  shift 37
	FALSE  shift 38
	NUM_LIT  shift 39
	FLOAT_LIT  shift 40
	STRING_LIT  shift 41
	CHAR_LITERAL  shift 42
	ID  shift 43
	.  error

	expr  goto 101
	id  goto 45
	simple_arr_literal  goto 46


state 73
	expr : expr GEQ . expr  (65)

	LPAREN  shift 33
	LSQUARE  shift 34
	MINUS  shift 35
	NOT  shift 36
	TRUE  shift 37
	FALSE  shift 38
	NUM_LIT  shift 39
	FLOAT_LIT  shift 40
	STRING_LIT  shift 41
	CHAR_LITERAL  shift 42
	ID  shift 43
	.  error

	expr  goto 102
	id  goto 45
	simple_arr_literal  goto 46


state 74
	expr : expr AND . expr  (66)

	LPAREN  shift 33
	LSQUARE  shift 34
	MINUS  shift 35
	NOT  shift 36
	TRUE  shift 37
	FALSE  shift 38
	NUM_LIT  shift 39
	FLOAT_LIT  shift 40
	STRING_LIT  shift 41
	CHAR_LITERAL  shift 42
	ID  shift 43
	.  error

	expr  goto 103
	id  goto 45
	simple_arr_literal  goto 46


state 75
	expr : expr OR . expr  (67)

	LPAREN  shift 33
	LSQUARE  shift 34
	MINUS  shift 35
	NOT  shift 36
	TRUE  shift 37
	FALSE  shift 38
	NUM_LIT  shift 39
	FLOAT_LIT  shift 40
	STRING_LIT  shift 41
	CHAR_LITERAL  shift 42
	ID  shift 43
	.  error

	expr  goto 104
	id  goto 45
	simple_arr_literal  goto 46


state 76
	expr : expr DOT . ID  (71)

	ID  shift 105
	.  error


state 77
	index : LINDEX . expr RINDEX  (23)

	LPAREN  shift 33
	LSQUARE  shift 34
	MINUS  shift 35
	NOT  shift 36
	TRUE  shift 37
	FALSE  shift 38
	NUM_LIT  shift 39
	FLOAT_LIT  shift 40
	STRING_LIT  shift 41
	CHAR_LITERAL  shift 42
	ID  shift 43
	.  error

	expr  goto 106
	id  goto 45
	simple_arr_literal  goto 46


state 78
	expr : expr index .  (50)

	.  reduce 50


state 79
	expr : id DECREMENT .  (55)

	.  reduce 55


state 80
	expr : id INCREMENT .  (54)

	.  reduce 54


state 81
	sdecl : STRUCT ID LBRACE vdecl_list RBRACE SEMI .  (28)

	.  reduce 28


state 82
	vdecl : typ ID . SEMI  (26)
	vdecl : typ ID . ASSIGN expr SEMI  (27)

	SEMI  shift 24
	ASSIGN  shift 26
	.  error


state 83
	fdecl : typ ID LPAREN formals_opt RPAREN LBRACE . vdecl_list stmt_list RBRACE  (6)
	vdecl_list : .  (24)

	.  reduce 24

	vdecl_list  goto 107


state 84
	formal_list : formal_list COMMA typ . ID  (10)

	ID  shift 108
	.  error


state 85
	expr : LPAREN expr RPAREN .  (74)

	.  reduce 74


state 86
	val_list : expr COMMA . val_list  (43)

	LPAREN  shift 33
	LSQUARE  shift 34
	MINUS  shift 35
	NOT  shift 36
	TRUE  shift 37
	FALSE  shift 38
	NUM_LIT  shift 39
	FLOAT_LIT  shift 40
	STRING_LIT  shift 41
	CHAR_LITERAL  shift 42
	ID  shift 43
	.  error

	expr  goto 56
	id  goto 45
	val_list  goto 109
	simple_arr_literal  goto 46


state 87
	simple_arr_literal : LSQUARE val_list RSQUARE .  (44)

	.  reduce 44


state 88
	expr : expr . index  (50)
	expr : expr . PLUS expr  (56)
	expr : expr . MINUS expr  (57)
	expr : expr . TIMES expr  (58)
	expr : expr . DIVIDE expr  (59)
	expr : expr . EQ expr  (60)
	expr : expr . NEQ expr  (61)
	expr : expr . LT expr  (62)
	expr : expr . LEQ expr  (63)
	expr : expr . GT expr  (64)
	expr : expr . GEQ expr  (65)
	expr : expr . AND expr  (66)
	expr : expr . OR expr  (67)
	expr : expr . ASSIGN expr  (70)
	expr : expr . DOT ID  (71)
	actuals_list : expr .  (77)

	PLUS  shift 63
	MINUS  shift 64
	TIMES  shift 65
	DIVIDE  shift 66
	ASSIGN  shift 67
	EQ  shift 68
	NEQ  shift 69
	LT  shift 70
	LEQ  shift 71
	GT  shift 72
	GEQ  shift 73
	AND  shift 74
	OR  shift 75
	DOT  shift 76
	LINDEX  shift 77
	RPAREN  reduce 77
	COMMA  reduce 77

	index  goto 78


state 89
	expr : ID LPAREN actuals_opt . RPAREN  (72)

	RPAREN  shift 110
	.  error


state 90
	actuals_opt : actuals_list .  (76)
	actuals_list : actuals_list . COMMA expr  (78)

	COMMA  shift 111
	RPAREN  reduce 76


state 91
	expr : expr . index  (50)
	expr : expr . PLUS expr  (56)
	expr : expr . MINUS expr  (57)
	expr : expr . TIMES expr  (58)
	expr : expr . DIVIDE expr  (59)
	expr : expr . EQ expr  (60)
	expr : expr . NEQ expr  (61)
	expr : expr . LT expr  (62)
	expr : expr . LEQ expr  (63)
	expr : expr . GT expr  (64)
	expr : expr . GEQ expr  (65)
	expr : expr . AND expr  (66)
	expr : expr . OR expr  (67)
	expr : expr . ASSIGN expr  (70)
	expr : expr . DOT ID  (71)
	expr : ID LSQUARE expr . RSQUARE  (73)

	RSQUARE  shift 112
	PLUS  shift 63
	MINUS  shift 64
	TIMES  shift 65
	DIVIDE  shift 66
	ASSIGN  shift 67
	EQ  shift 68
	NEQ  shift 69
	LT  shift 70
	LEQ  shift 71
	GT  shift 72
	GEQ  shift 73
	AND  shift 74
	OR  shift 75
	DOT  shift 76
	LINDEX  shift 77
	.  error

	index  goto 78


92: shift/reduce conflict (shift 77, reduce 56) on LINDEX
state 92
	expr : expr . index  (50)
	expr : expr . PLUS expr  (56)
	expr : expr PLUS expr .  (56)
	expr : expr . MINUS expr  (57)
	expr : expr . TIMES expr  (58)
	expr : expr . DIVIDE expr  (59)
	expr : expr . EQ expr  (60)
	expr : expr . NEQ expr  (61)
	expr : expr . LT expr  (62)
	expr : expr . LEQ expr  (63)
	expr : expr . GT expr  (64)
	expr : expr . GEQ expr  (65)
	expr : expr . AND expr  (66)
	expr : expr . OR expr  (67)
	expr : expr . ASSIGN expr  (70)
	expr : expr . DOT ID  (71)

	TIMES  shift 65
	DIVIDE  shift 66
	DOT  shift 76
	LINDEX  shift 77
	SEMI  reduce 56
	RPAREN  reduce 56
	RSQUARE  reduce 56
	COMMA  reduce 56
	PLUS  reduce 56
	MINUS  reduce 56
	ASSIGN  reduce 56
	EQ  reduce 56
	NEQ  reduce 56
	LT  reduce 56
	LEQ  reduce 56
	GT  reduce 56
	GEQ  reduce 56
	AND  reduce 56
	OR  reduce 56
	RINDEX  reduce 56

	index  goto 78


93: shift/reduce conflict (shift 77, reduce 57) on LINDEX
state 93
	expr : expr . index  (50)
	expr : expr . PLUS expr  (56)
	expr : expr . MINUS expr  (57)
	expr : expr MINUS expr .  (57)
	expr : expr . TIMES expr  (58)
	expr : expr . DIVIDE expr  (59)
	expr : expr . EQ expr  (60)
	expr : expr . NEQ expr  (61)
	expr : expr . LT expr  (62)
	expr : expr . LEQ expr  (63)
	expr : expr . GT expr  (64)
	expr : expr . GEQ expr  (65)
	expr : expr . AND expr  (66)
	expr : expr . OR expr  (67)
	expr : expr . ASSIGN expr  (70)
	expr : expr . DOT ID  (71)

	TIMES  shift 65
	DIVIDE  shift 66
	DOT  shift 76
	LINDEX  shift 77
	SEMI  reduce 57
	RPAREN  reduce 57
	RSQUARE  reduce 57
	COMMA  reduce 57
	PLUS  reduce 57
	MINUS  reduce 57
	ASSIGN  reduce 57
	EQ  reduce 57
	NEQ  reduce 57
	LT  reduce 57
	LEQ  reduce 57
	GT  reduce 57
	GEQ  reduce 57
	AND  reduce 57
	OR  reduce 57
	RINDEX  reduce 57

	index  goto 78


94: shift/reduce conflict (shift 77, reduce 58) on LINDEX
state 94
	expr : expr . index  (50)
	expr : expr . PLUS expr  (56)
	expr : expr . MINUS expr  (57)
	expr : expr . TIMES expr  (58)
	expr : expr TIMES expr .  (58)
	expr : expr . DIVIDE expr  (59)
	expr : expr . EQ expr  (60)
	expr : expr . NEQ expr  (61)
	expr : expr . LT expr  (62)
	expr : expr . LEQ expr  (63)
	expr : expr . GT expr  (64)
	expr : expr . GEQ expr  (65)
	expr : expr . AND expr  (66)
	expr : expr . OR expr  (67)
	expr : expr . ASSIGN expr  (70)
	expr : expr . DOT ID  (71)

	DOT  shift 76
	LINDEX  shift 77
	SEMI  reduce 58
	RPAREN  reduce 58
	RSQUARE  reduce 58
	COMMA  reduce 58
	PLUS  reduce 58
	MINUS  reduce 58
	TIMES  reduce 58
	DIVIDE  reduce 58
	ASSIGN  reduce 58
	EQ  reduce 58
	NEQ  reduce 58
	LT  reduce 58
	LEQ  reduce 58
	GT  reduce 58
	GEQ  reduce 58
	AND  reduce 58
	OR  reduce 58
	RINDEX  reduce 58

	index  goto 78


95: shift/reduce conflict (shift 77, reduce 59) on LINDEX
state 95
	expr : expr . index  (50)
	expr : expr . PLUS expr  (56)
	expr : expr . MINUS expr  (57)
	expr : expr . TIMES expr  (58)
	expr : expr . DIVIDE expr  (59)
	expr : expr DIVIDE expr .  (59)
	expr : expr . EQ expr  (60)
	expr : expr . NEQ expr  (61)
	expr : expr . LT expr  (62)
	expr : expr . LEQ expr  (63)
	expr : expr . GT expr  (64)
	expr : expr . GEQ expr  (65)
	expr : expr . AND expr  (66)
	expr : expr . OR expr  (67)
	expr : expr . ASSIGN expr  (70)
	expr : expr . DOT ID  (71)

	DOT  shift 76
	LINDEX  shift 77
	SEMI  reduce 59
	RPAREN  reduce 59
	RSQUARE  reduce 59
	COMMA  reduce 59
	PLUS  reduce 59
	MINUS  reduce 59
	TIMES  reduce 59
	DIVIDE  reduce 59
	ASSIGN  reduce 59
	EQ  reduce 59
	NEQ  reduce 59
	LT  reduce 59
	LEQ  reduce 59
	GT  reduce 59
	GEQ  reduce 59
	AND  reduce 59
	OR  reduce 59
	RINDEX  reduce 59

	index  goto 78


96: shift/reduce conflict (shift 77, reduce 70) on LINDEX
state 96
	expr : expr . index  (50)
	expr : expr . PLUS expr  (56)
	expr : expr . MINUS expr  (57)
	expr : expr . TIMES expr  (58)
	expr : expr . DIVIDE expr  (59)
	expr : expr . EQ expr  (60)
	expr : expr . NEQ expr  (61)
	expr : expr . LT expr  (62)
	expr : expr . LEQ expr  (63)
	expr : expr . GT expr  (64)
	expr : expr . GEQ expr  (65)
	expr : expr . AND expr  (66)
	expr : expr . OR expr  (67)
	expr : expr . ASSIGN expr  (70)
	expr : expr ASSIGN expr .  (70)
	expr : expr . DOT ID  (71)

	PLUS  shift 63
	MINUS  shift 64
	TIMES  shift 65
	DIVIDE  shift 66
	ASSIGN  shift 67
	EQ  shift 68
	NEQ  shift 69
	LT  shift 70
	LEQ  shift 71
	GT  shift 72
	GEQ  shift 73
	AND  shift 74
	OR  shift 75
	DOT  shift 76
	LINDEX  shift 77
	SEMI  reduce 70
	RPAREN  reduce 70
	RSQUARE  reduce 70
	COMMA  reduce 70
	RINDEX  reduce 70

	index  goto 78


97: shift/reduce conflict (shift 77, reduce 60) on LINDEX
state 97
	expr : expr . index  (50)
	expr : expr . PLUS expr  (56)
	expr : expr . MINUS expr  (57)
	expr : expr . TIMES expr  (58)
	expr : expr . DIVIDE expr  (59)
	expr : expr . EQ expr  (60)
	expr : expr EQ expr .  (60)
	expr : expr . NEQ expr  (61)
	expr : expr . LT expr  (62)
	expr : expr . LEQ expr  (63)
	expr : expr . GT expr  (64)
	expr : expr . GEQ expr  (65)
	expr : expr . AND expr  (66)
	expr : expr . OR expr  (67)
	expr : expr . ASSIGN expr  (70)
	expr : expr . DOT ID  (71)

	PLUS  shift 63
	MINUS  shift 64
	TIMES  shift 65
	DIVIDE  shift 66
	LT  shift 70
	LEQ  shift 71
	GT  shift 72
	GEQ  shift 73
	DOT  shift 76
	LINDEX  shift 77
	SEMI  reduce 60
	RPAREN  reduce 60
	RSQUARE  reduce 60
	COMMA  reduce 60
	ASSIGN  reduce 60
	EQ  reduce 60
	NEQ  reduce 60
	AND  reduce 60
	OR  reduce 60
	RINDEX  reduce 60

	index  goto 78


98: shift/reduce conflict (shift 77, reduce 61) on LINDEX
state 98
	expr : expr . index  (50)
	expr : expr . PLUS expr  (56)
	expr : expr . MINUS expr  (57)
	expr : expr . TIMES expr  (58)
	expr : expr . DIVIDE expr  (59)
	expr : expr . EQ expr  (60)
	expr : expr . NEQ expr  (61)
	expr : expr NEQ expr .  (61)
	expr : expr . LT expr  (62)
	expr : expr . LEQ expr  (63)
	expr : expr . GT expr  (64)
	expr : expr . GEQ expr  (65)
	expr : expr . AND expr  (66)
	expr : expr . OR expr  (67)
	expr : expr . ASSIGN expr  (70)
	expr : expr . DOT ID  (71)

	PLUS  shift 63
	MINUS  shift 64
	TIMES  shift 65
	DIVIDE  shift 66
	LT  shift 70
	LEQ  shift 71
	GT  shift 72
	GEQ  shift 73
	DOT  shift 76
	LINDEX  shift 77
	SEMI  reduce 61
	RPAREN  reduce 61
	RSQUARE  reduce 61
	COMMA  reduce 61
	ASSIGN  reduce 61
	EQ  reduce 61
	NEQ  reduce 61
	AND  reduce 61
	OR  reduce 61
	RINDEX  reduce 61

	index  goto 78


99: shift/reduce conflict (shift 77, reduce 62) on LINDEX
state 99
	expr : expr . index  (50)
	expr : expr . PLUS expr  (56)
	expr : expr . MINUS expr  (57)
	expr : expr . TIMES expr  (58)
	expr : expr . DIVIDE expr  (59)
	expr : expr . EQ expr  (60)
	expr : expr . NEQ expr  (61)
	expr : expr . LT expr  (62)
	expr : expr LT expr .  (62)
	expr : expr . LEQ expr  (63)
	expr : expr . GT expr  (64)
	expr : expr . GEQ expr  (65)
	expr : expr . AND expr  (66)
	expr : expr . OR expr  (67)
	expr : expr . ASSIGN expr  (70)
	expr : expr . DOT ID  (71)

	PLUS  shift 63
	MINUS  shift 64
	TIMES  shift 65
	DIVIDE  shift 66
	DOT  shift 76
	LINDEX  shift 77
	SEMI  reduce 62
	RPAREN  reduce 62
	RSQUARE  reduce 62
	COMMA  reduce 62
	ASSIGN  reduce 62
	EQ  reduce 62
	NEQ  reduce 62
	LT  reduce 62
	LEQ  reduce 62
	GT  reduce 62
	GEQ  reduce 62
	AND  reduce 62
	OR  reduce 62
	RINDEX  reduce 62

	index  goto 78


100: shift/reduce conflict (shift 77, reduce 63) on LINDEX
state 100
	expr : expr . index  (50)
	expr : expr . PLUS expr  (56)
	expr : expr . MINUS expr  (57)
	expr : expr . TIMES expr  (58)
	expr : expr . DIVIDE expr  (59)
	expr : expr . EQ expr  (60)
	expr : expr . NEQ expr  (61)
	expr : expr . LT expr  (62)
	expr : expr . LEQ expr  (63)
	expr : expr LEQ expr .  (63)
	expr : expr . GT expr  (64)
	expr : expr . GEQ expr  (65)
	expr : expr . AND expr  (66)
	expr : expr . OR expr  (67)
	expr : expr . ASSIGN expr  (70)
	expr : expr . DOT ID  (71)

	PLUS  shift 63
	MINUS  shift 64
	TIMES  shift 65
	DIVIDE  shift 66
	DOT  shift 76
	LINDEX  shift 77
	SEMI  reduce 63
	RPAREN  reduce 63
	RSQUARE  reduce 63
	COMMA  reduce 63
	ASSIGN  reduce 63
	EQ  reduce 63
	NEQ  reduce 63
	LT  reduce 63
	LEQ  reduce 63
	GT  reduce 63
	GEQ  reduce 63
	AND  reduce 63
	OR  reduce 63
	RINDEX  reduce 63

	index  goto 78


101: shift/reduce conflict (shift 77, reduce 64) on LINDEX
state 101
	expr : expr . index  (50)
	expr : expr . PLUS expr  (56)
	expr : expr . MINUS expr  (57)
	expr : expr . TIMES expr  (58)
	expr : expr . DIVIDE expr  (59)
	expr : expr . EQ expr  (60)
	expr : expr . NEQ expr  (61)
	expr : expr . LT expr  (62)
	expr : expr . LEQ expr  (63)
	expr : expr . GT expr  (64)
	expr : expr GT expr .  (64)
	expr : expr . GEQ expr  (65)
	expr : expr . AND expr  (66)
	expr : expr . OR expr  (67)
	expr : expr . ASSIGN expr  (70)
	expr : expr . DOT ID  (71)

	PLUS  shift 63
	MINUS  shift 64
	TIMES  shift 65
	DIVIDE  shift 66
	DOT  shift 76
	LINDEX  shift 77
	SEMI  reduce 64
	RPAREN  reduce 64
	RSQUARE  reduce 64
	COMMA  reduce 64
	ASSIGN  reduce 64
	EQ  reduce 64
	NEQ  reduce 64
	LT  reduce 64
	LEQ  reduce 64
	GT  reduce 64
	GEQ  reduce 64
	AND  reduce 64
	OR  reduce 64
	RINDEX  reduce 64

	index  goto 78


102: shift/reduce conflict (shift 77, reduce 65) on LINDEX
state 102
	expr : expr . index  (50)
	expr : expr . PLUS expr  (56)
	expr : expr . MINUS expr  (57)
	expr : expr . TIMES expr  (58)
	expr : expr . DIVIDE expr  (59)
	expr : expr . EQ expr  (60)
	expr : expr . NEQ expr  (61)
	expr : expr . LT expr  (62)
	expr : expr . LEQ expr  (63)
	expr : expr . GT expr  (64)
	expr : expr . GEQ expr  (65)
	expr : expr GEQ expr .  (65)
	expr : expr . AND expr  (66)
	expr : expr . OR expr  (67)
	expr : expr . ASSIGN expr  (70)
	expr : expr . DOT ID  (71)

	PLUS  shift 63
	MINUS  shift 64
	TIMES  shift 65
	DIVIDE  shift 66
	DOT  shift 76
	LINDEX  shift 77
	SEMI  reduce 65
	RPAREN  reduce 65
	RSQUARE  reduce 65
	COMMA  reduce 65
	ASSIGN  reduce 65
	EQ  reduce 65
	NEQ  reduce 65
	LT  reduce 65
	LEQ  reduce 65
	GT  reduce 65
	GEQ  reduce 65
	AND  reduce 65
	OR  reduce 65
	RINDEX  reduce 65

	index  goto 78


103: shift/reduce conflict (shift 77, reduce 66) on LINDEX
state 103
	expr : expr . index  (50)
	expr : expr . PLUS expr  (56)
	expr : expr . MINUS expr  (57)
	expr : expr . TIMES expr  (58)
	expr : expr . DIVIDE expr  (59)
	expr : expr . EQ expr  (60)
	expr : expr . NEQ expr  (61)
	expr : expr . LT expr  (62)
	expr : expr . LEQ expr  (63)
	expr : expr . GT expr  (64)
	expr : expr . GEQ expr  (65)
	expr : expr . AND expr  (66)
	expr : expr AND expr .  (66)
	expr : expr . OR expr  (67)
	expr : expr . ASSIGN expr  (70)
	expr : expr . DOT ID  (71)

	PLUS  shift 63
	MINUS  shift 64
	TIMES  shift 65
	DIVIDE  shift 66
	EQ  shift 68
	NEQ  shift 69
	LT  shift 70
	LEQ  shift 71
	GT  shift 72
	GEQ  shift 73
	DOT  shift 76
	LINDEX  shift 77
	SEMI  reduce 66
	RPAREN  reduce 66
	RSQUARE  reduce 66
	COMMA  reduce 66
	ASSIGN  reduce 66
	AND  reduce 66
	OR  reduce 66
	RINDEX  reduce 66

	index  goto 78


104: shift/reduce conflict (shift 77, reduce 67) on LINDEX
state 104
	expr : expr . index  (50)
	expr : expr . PLUS expr  (56)
	expr : expr . MINUS expr  (57)
	expr : expr . TIMES expr  (58)
	expr : expr . DIVIDE expr  (59)
	expr : expr . EQ expr  (60)
	expr : expr . NEQ expr  (61)
	expr : expr . LT expr  (62)
	expr : expr . LEQ expr  (63)
	expr : expr . GT expr  (64)
	expr : expr . GEQ expr  (65)
	expr : expr . AND expr  (66)
	expr : expr . OR expr  (67)
	expr : expr OR expr .  (67)
	expr : expr . ASSIGN expr  (70)
	expr : expr . DOT ID  (71)

	PLUS  shift 63
	MINUS  shift 64
	TIMES  shift 65
	DIVIDE  shift 66
	EQ  shift 68
	NEQ  shift 69
	LT  shift 70
	LEQ  shift 71
	GT  shift 72
	GEQ  shift 73
	AND  shift 74
	DOT  shift 76
	LINDEX  shift 77
	SEMI  reduce 67
	RPAREN  reduce 67
	RSQUARE  reduce 67
	COMMA  reduce 67
	ASSIGN  reduce 67
	OR  reduce 67
	RINDEX  reduce 67

	index  goto 78


state 105
	expr : expr DOT ID .  (71)

	.  reduce 71


state 106
	index : LINDEX expr . RINDEX  (23)
	expr : expr . index  (50)
	expr : expr . PLUS expr  (56)
	expr : expr . MINUS expr  (57)
	expr : expr . TIMES expr  (58)
	expr : expr . DIVIDE expr  (59)
	expr : expr . EQ expr  (60)
	expr : expr . NEQ expr  (61)
	expr : expr . LT expr  (62)
	expr : expr . LEQ expr  (63)
	expr : expr . GT expr  (64)
	expr : expr . GEQ expr  (65)
	expr : expr . AND expr  (66)
	expr : expr . OR expr  (67)
	expr : expr . ASSIGN expr  (70)
	expr : expr . DOT ID  (71)

	PLUS  shift 63
	MINUS  shift 64
	TIMES  shift 65
	DIVIDE  shift 66
	ASSIGN  shift 67
	EQ  shift 68
	NEQ  shift 69
	LT  shift 70
	LEQ  shift 71
	GT  shift 72
	GEQ  shift 73
	AND  shift 74
	OR  shift 75
	DOT  shift 76
	LINDEX  shift 77
	RINDEX  shift 113
	.  error

	index  goto 78


state 107
	fdecl : typ ID LPAREN formals_opt RPAREN LBRACE vdecl_list . stmt_list RBRACE  (6)
	vdecl_list : vdecl_list . vdecl  (25)
	stmt_list : .  (29)

	INT  shift 5
	FLOAT  shift 6
	BOOL  shift 7
	VOID  shift 8
	CHAR  shift 9
	STRING  shift 10
	STRUCT  shift 29
	LPAREN  reduce 29
	LBRACE  reduce 29
	RBRACE  reduce 29
	LSQUARE  reduce 29
	MINUS  reduce 29
	NOT  reduce 29
	TRUE  reduce 29
	FALSE  reduce 29
	RETURN  reduce 29
	IF  reduce 29
	FOR  reduce 29
	WHILE  reduce 29
	NUM_LIT  reduce 29
	FLOAT_LIT  reduce 29
	STRING_LIT  reduce 29
	CHAR_LITERAL  reduce 29
	ID  reduce 29

	vdecl  goto 49
	typ  goto 50
	stmt_list  goto 114
	dtyp  goto 17
	atyp  goto 18


state 108
	formal_list : formal_list COMMA typ ID .  (10)

	.  reduce 10


state 109
	val_list : expr COMMA val_list .  (43)

	.  reduce 43


state 110
	expr : ID LPAREN actuals_opt RPAREN .  (72)

	.  reduce 72


state 111
	actuals_list : actuals_list COMMA . expr  (78)

	LPAREN  shift 33
	LSQUARE  shift 34
	MINUS  shift 35
	NOT  shift 36
	TRUE  shift 37
	FALSE  shift 38
	NUM_LIT  shift 39
	FLOAT_LIT  shift 40
	STRING_LIT  shift 41
	CHAR_LITERAL  shift 42
	ID  shift 43
	.  error

	expr  goto 115
	id  goto 45
	simple_arr_literal  goto 46


state 112
	expr : ID LSQUARE expr RSQUARE .  (73)

	.  reduce 73


state 113
	index : LINDEX expr RINDEX .  (23)

	.  reduce 23


state 114
	fdecl : typ ID LPAREN formals_opt RPAREN LBRACE vdecl_list stmt_list . RBRACE  (6)
	stmt_list : stmt_list . stmt  (30)

	LPAREN  shift 33
	LBRACE  shift 116
	RBRACE  shift 117
	LSQUARE  shift 34
	MINUS  shift 35
	NOT  shift 36
	TRUE  shift 37
	FALSE  shift 38
	RETURN  shift 118
	IF  shift 119
	FOR  shift 120
	WHILE  shift 121
	NUM_LIT  shift 39
	FLOAT_LIT  shift 40
	STRING_LIT  shift 41
	CHAR_LITERAL  shift 42
	ID  shift 43
	.  error

	expr  goto 122
	stmt  goto 123
	id  goto 45
	simple_arr_literal  goto 46


state 115
	expr : expr . index  (50)
	expr : expr . PLUS expr  (56)
	expr : expr . MINUS expr  (57)
	expr : expr . TIMES expr  (58)
	expr : expr . DIVIDE expr  (59)
	expr : expr . EQ expr  (60)
	expr : expr . NEQ expr  (61)
	expr : expr . LT expr  (62)
	expr : expr . LEQ expr  (63)
	expr : expr . GT expr  (64)
	expr : expr . GEQ expr  (65)
	expr : expr . AND expr  (66)
	expr : expr . OR expr  (67)
	expr : expr . ASSIGN expr  (70)
	expr : expr . DOT ID  (71)
	actuals_list : actuals_list COMMA expr .  (78)

	PLUS  shift 63
	MINUS  shift 64
	TIMES  shift 65
	DIVIDE  shift 66
	ASSIGN  shift 67
	EQ  shift 68
	NEQ  shift 69
	LT  shift 70
	LEQ  shift 71
	GT  shift 72
	GEQ  shift 73
	AND  shift 74
	OR  shift 75
	DOT  shift 76
	LINDEX  shift 77
	RPAREN  reduce 78
	COMMA  reduce 78

	index  goto 78


state 116
	stmt : LBRACE . stmt_list RBRACE  (34)
	stmt_list : .  (29)

	.  reduce 29

	stmt_list  goto 124


state 117
	fdecl : typ ID LPAREN formals_opt RPAREN LBRACE vdecl_list stmt_list RBRACE .  (6)

	.  reduce 6


state 118
	stmt : RETURN . SEMI  (32)
	stmt : RETURN . expr SEMI  (33)

	SEMI  shift 125
	LPAREN  shift 33
	LSQUARE  shift 34
	MINUS  shift 35
	NOT  shift 36
	TRUE  shift 37
	FALSE  shift 38
	NUM_LIT  shift 39
	FLOAT_LIT  shift 40
	STRING_LIT  shift 41
	CHAR_LITERAL  shift 42
	ID  shift 43
	.  error

	expr  goto 126
	id  goto 45
	simple_arr_literal  goto 46


state 119
	stmt : IF . LPAREN expr RPAREN stmt  (35)
	stmt : IF . LPAREN expr RPAREN stmt ELSE stmt  (36)

	LPAREN  shift 127
	.  error


state 120
	stmt : FOR . LPAREN expr_opt SEMI expr SEMI expr_opt RPAREN stmt  (37)

	LPAREN  shift 128
	.  error


state 121
	stmt : WHILE . LPAREN expr RPAREN stmt  (38)

	LPAREN  shift 129
	.  error


state 122
	stmt : expr . SEMI  (31)
	expr : expr . index  (50)
	expr : expr . PLUS expr  (56)
	expr : expr . MINUS expr  (57)
	expr : expr . TIMES expr  (58)
	expr : expr . DIVIDE expr  (59)
	expr : expr . EQ expr  (60)
	expr : expr . NEQ expr  (61)
	expr : expr . LT expr  (62)
	expr : expr . LEQ expr  (63)
	expr : expr . GT expr  (64)
	expr : expr . GEQ expr  (65)
	expr : expr . AND expr  (66)
	expr : expr . OR expr  (67)
	expr : expr . ASSIGN expr  (70)
	expr : expr . DOT ID  (71)

	SEMI  shift 130
	PLUS  shift 63
	MINUS  shift 64
	TIMES  shift 65
	DIVIDE  shift 66
	ASSIGN  shift 67
	EQ  shift 68
	NEQ  shift 69
	LT  shift 70
	LEQ  shift 71
	GT  shift 72
	GEQ  shift 73
	AND  shift 74
	OR  shift 75
	DOT  shift 76
	LINDEX  shift 77
	.  error

	index  goto 78


state 123
	stmt_list : stmt_list stmt .  (30)

	.  reduce 30


state 124
	stmt_list : stmt_list . stmt  (30)
	stmt : LBRACE stmt_list . RBRACE  (34)

	LPAREN  shift 33
	LBRACE  shift 116
	RBRACE  shift 131
	LSQUARE  shift 34
	MINUS  shift 35
	NOT  shift 36
	TRUE  shift 37
	FALSE  shift 38
	RETURN  shift 118
	IF  shift 119
	FOR  shift 120
	WHILE  shift 121
	NUM_LIT  shift 39
	FLOAT_LIT  shift 40
	STRING_LIT  shift 41
	CHAR_LITERAL  shift 42
	ID  shift 43
	.  error

	expr  goto 122
	stmt  goto 123
	id  goto 45
	simple_arr_literal  goto 46


state 125
	stmt : RETURN SEMI .  (32)

	.  reduce 32


state 126
	stmt : RETURN expr . SEMI  (33)
	expr : expr . index  (50)
	expr : expr . PLUS expr  (56)
	expr : expr . MINUS expr  (57)
	expr : expr . TIMES expr  (58)
	expr : expr . DIVIDE expr  (59)
	expr : expr . EQ expr  (60)
	expr : expr . NEQ expr  (61)
	expr : expr . LT expr  (62)
	expr : expr . LEQ expr  (63)
	expr : expr . GT expr  (64)
	expr : expr . GEQ expr  (65)
	expr : expr . AND expr  (66)
	expr : expr . OR expr  (67)
	expr : expr . ASSIGN expr  (70)
	expr : expr . DOT ID  (71)

	SEMI  shift 132
	PLUS  shift 63
	MINUS  shift 64
	TIMES  shift 65
	DIVIDE  shift 66
	ASSIGN  shift 67
	EQ  shift 68
	NEQ  shift 69
	LT  shift 70
	LEQ  shift 71
	GT  shift 72
	GEQ  shift 73
	AND  shift 74
	OR  shift 75
	DOT  shift 76
	LINDEX  shift 77
	.  error

	index  goto 78


state 127
	stmt : IF LPAREN . expr RPAREN stmt  (35)
	stmt : IF LPAREN . expr RPAREN stmt ELSE stmt  (36)

	LPAREN  shift 33
	LSQUARE  shift 34
	MINUS  shift 35
	NOT  shift 36
	TRUE  shift 37
	FALSE  shift 38
	NUM_LIT  shift 39
	FLOAT_LIT  shift 40
	STRING_LIT  shift 41
	CHAR_LITERAL  shift 42
	ID  shift 43
	.  error

	expr  goto 133
	id  goto 45
	simple_arr_literal  goto 46


state 128
	stmt : FOR LPAREN . expr_opt SEMI expr SEMI expr_opt RPAREN stmt  (37)
	expr_opt : .  (39)

	LPAREN  shift 33
	LSQUARE  shift 34
	MINUS  shift 35
	NOT  shift 36
	TRUE  shift 37
	FALSE  shift 38
	NUM_LIT  shift 39
	FLOAT_LIT  shift 40
	STRING_LIT  shift 41
	CHAR_LITERAL  shift 42
	ID  shift 43
	SEMI  reduce 39

	expr  goto 134
	expr_opt  goto 135
	id  goto 45
	simple_arr_literal  goto 46


state 129
	stmt : WHILE LPAREN . expr RPAREN stmt  (38)

	LPAREN  shift 33
	LSQUARE  shift 34
	MINUS  shift 35
	NOT  shift 36
	TRUE  shift 37
	FALSE  shift 38
	NUM_LIT  shift 39
	FLOAT_LIT  shift 40
	STRING_LIT  shift 41
	CHAR_LITERAL  shift 42
	ID  shift 43
	.  error

	expr  goto 136
	id  goto 45
	simple_arr_literal  goto 46


state 130
	stmt : expr SEMI .  (31)

	.  reduce 31


state 131
	stmt : LBRACE stmt_list RBRACE .  (34)

	.  reduce 34


state 132
	stmt : RETURN expr SEMI .  (33)

	.  reduce 33


state 133
	stmt : IF LPAREN expr . RPAREN stmt  (35)
	stmt : IF LPAREN expr . RPAREN stmt ELSE stmt  (36)
	expr : expr . index  (50)
	expr : expr . PLUS expr  (56)
	expr : expr . MINUS expr  (57)
	expr : expr . TIMES expr  (58)
	expr : expr . DIVIDE expr  (59)
	expr : expr . EQ expr  (60)
	expr : expr . NEQ expr  (61)
	expr : expr . LT expr  (62)
	expr : expr . LEQ expr  (63)
	expr : expr . GT expr  (64)
	expr : expr . GEQ expr  (65)
	expr : expr . AND expr  (66)
	expr : expr . OR expr  (67)
	expr : expr . ASSIGN expr  (70)
	expr : expr . DOT ID  (71)

	RPAREN  shift 137
	PLUS  shift 63
	MINUS  shift 64
	TIMES  shift 65
	DIVIDE  shift 66
	ASSIGN  shift 67
	EQ  shift 68
	NEQ  shift 69
	LT  shift 70
	LEQ  shift 71
	GT  shift 72
	GEQ  shift 73
	AND  shift 74
	OR  shift 75
	DOT  shift 76
	LINDEX  shift 77
	.  error

	index  goto 78


state 134
	expr_opt : expr .  (40)
	expr : expr . index  (50)
	expr : expr . PLUS expr  (56)
	expr : expr . MINUS expr  (57)
	expr : expr . TIMES expr  (58)
	expr : expr . DIVIDE expr  (59)
	expr : expr . EQ expr  (60)
	expr : expr . NEQ expr  (61)
	expr : expr . LT expr  (62)
	expr : expr . LEQ expr  (63)
	expr : expr . GT expr  (64)
	expr : expr . GEQ expr  (65)
	expr : expr . AND expr  (66)
	expr : expr . OR expr  (67)
	expr : expr . ASSIGN expr  (70)
	expr : expr . DOT ID  (71)

	PLUS  shift 63
	MINUS  shift 64
	TIMES  shift 65
	DIVIDE  shift 66
	ASSIGN  shift 67
	EQ  shift 68
	NEQ  shift 69
	LT  shift 70
	LEQ  shift 71
	GT  shift 72
	GEQ  shift 73
	AND  shift 74
	OR  shift 75
	DOT  shift 76
	LINDEX  shift 77
	SEMI  reduce 40
	RPAREN  reduce 40

	index  goto 78


state 135
	stmt : FOR LPAREN expr_opt . SEMI expr SEMI expr_opt RPAREN stmt  (37)

	SEMI  shift 138
	.  error


state 136
	stmt : WHILE LPAREN expr . RPAREN stmt  (38)
	expr : expr . index  (50)
	expr : expr . PLUS expr  (56)
	expr : expr . MINUS expr  (57)
	expr : expr . TIMES expr  (58)
	expr : expr . DIVIDE expr  (59)
	expr : expr . EQ expr  (60)
	expr : expr . NEQ expr  (61)
	expr : expr . LT expr  (62)
	expr : expr . LEQ expr  (63)
	expr : expr . GT expr  (64)
	expr : expr . GEQ expr  (65)
	expr : expr . AND expr  (66)
	expr : expr . OR expr  (67)
	expr : expr . ASSIGN expr  (70)
	expr : expr . DOT ID  (71)

	RPAREN  shift 139
	PLUS  shift 63
	MINUS  shift 64
	TIMES  shift 65
	DIVIDE  shift 66
	ASSIGN  shift 67
	EQ  shift 68
	NEQ  shift 69
	LT  shift 70
	LEQ  shift 71
	GT  shift 72
	GEQ  shift 73
	AND  shift 74
	OR  shift 75
	DOT  shift 76
	LINDEX  shift 77
	.  error

	index  goto 78


state 137
	stmt : IF LPAREN expr RPAREN . stmt  (35)
	stmt : IF LPAREN expr RPAREN . stmt ELSE stmt  (36)

	LPAREN  shift 33
	LBRACE  shift 116
	LSQUARE  shift 34
	MINUS  shift 35
	NOT  shift 36
	TRUE  shift 37
	FALSE  shift 38
	RETURN  shift 118
	IF  shift 119
	FOR  shift 120
	WHILE  shift 121
	NUM_LIT  shift 39
	FLOAT_LIT  shift 40
	STRING_LIT  shift 41
	CHAR_LITERAL  shift 42
	ID  shift 43
	.  error

	expr  goto 122
	stmt  goto 140
	id  goto 45
	simple_arr_literal  goto 46


state 138
	stmt : FOR LPAREN expr_opt SEMI . expr SEMI expr_opt RPAREN stmt  (37)

	LPAREN  shift 33
	LSQUARE  shift 34
	MINUS  shift 35
	NOT  shift 36
	TRUE  shift 37
	FALSE  shift 38
	NUM_LIT  shift 39
	FLOAT_LIT  shift 40
	STRING_LIT  shift 41
	CHAR_LITERAL  shift 42
	ID  shift 43
	.  error

	expr  goto 141
	id  goto 45
	simple_arr_literal  goto 46


state 139
	stmt : WHILE LPAREN expr RPAREN . stmt  (38)

	LPAREN  shift 33
	LBRACE  shift 116
	LSQUARE  shift 34
	MINUS  shift 35
	NOT  shift 36
	TRUE  shift 37
	FALSE  shift 38
	RETURN  shift 118
	IF  shift 119
	FOR  shift 120
	WHILE  shift 121
	NUM_LIT  shift 39
	FLOAT_LIT  shift 40
	STRING_LIT  shift 41
	CHAR_LITERAL  shift 42
	ID  shift 43
	.  error

	expr  goto 122
	stmt  goto 142
	id  goto 45
	simple_arr_literal  goto 46


state 140
	stmt : IF LPAREN expr RPAREN stmt .  (35)
	stmt : IF LPAREN expr RPAREN stmt . ELSE stmt  (36)

	ELSE  shift 143
	LPAREN  reduce 35
	LBRACE  reduce 35
	RBRACE  reduce 35
	LSQUARE  reduce 35
	MINUS  reduce 35
	NOT  reduce 35
	TRUE  reduce 35
	FALSE  reduce 35
	RETURN  reduce 35
	IF  reduce 35
	FOR  reduce 35
	WHILE  reduce 35
	NUM_LIT  reduce 35
	FLOAT_LIT  reduce 35
	STRING_LIT  reduce 35
	CHAR_LITERAL  reduce 35
	ID  reduce 35


state 141
	stmt : FOR LPAREN expr_opt SEMI expr . SEMI expr_opt RPAREN stmt  (37)
	expr : expr . index  (50)
	expr : expr . PLUS expr  (56)
	expr : expr . MINUS expr  (57)
	expr : expr . TIMES expr  (58)
	expr : expr . DIVIDE expr  (59)
	expr : expr . EQ expr  (60)
	expr : expr . NEQ expr  (61)
	expr : expr . LT expr  (62)
	expr : expr . LEQ expr  (63)
	expr : expr . GT expr  (64)
	expr : expr . GEQ expr  (65)
	expr : expr . AND expr  (66)
	expr : expr . OR expr  (67)
	expr : expr . ASSIGN expr  (70)
	expr : expr . DOT ID  (71)

	SEMI  shift 144
	PLUS  shift 63
	MINUS  shift 64
	TIMES  shift 65
	DIVIDE  shift 66
	ASSIGN  shift 67
	EQ  shift 68
	NEQ  shift 69
	LT  shift 70
	LEQ  shift 71
	GT  shift 72
	GEQ  shift 73
	AND  shift 74
	OR  shift 75
	DOT  shift 76
	LINDEX  shift 77
	.  error

	index  goto 78


state 142
	stmt : WHILE LPAREN expr RPAREN stmt .  (38)

	.  reduce 38


state 143
	stmt : IF LPAREN expr RPAREN stmt ELSE . stmt  (36)

	LPAREN  shift 33
	LBRACE  shift 116
	LSQUARE  shift 34
	MINUS  shift 35
	NOT  shift 36
	TRUE  shift 37
	FALSE  shift 38
	RETURN  shift 118
	IF  shift 119
	FOR  shift 120
	WHILE  shift 121
	NUM_LIT  shift 39
	FLOAT_LIT  shift 40
	STRING_LIT  shift 41
	CHAR_LITERAL  shift 42
	ID  shift 43
	.  error

	expr  goto 122
	stmt  goto 145
	id  goto 45
	simple_arr_literal  goto 46


state 144
	stmt : FOR LPAREN expr_opt SEMI expr SEMI . expr_opt RPAREN stmt  (37)
	expr_opt : .  (39)

	LPAREN  shift 33
	LSQUARE  shift 34
	MINUS  shift 35
	NOT  shift 36
	TRUE  shift 37
	FALSE  shift 38
	NUM_LIT  shift 39
	FLOAT_LIT  shift 40
	STRING_LIT  shift 41
	CHAR_LITERAL  shift 42
	ID  shift 43
	RPAREN  reduce 39

	expr  goto 134
	expr_opt  goto 146
	id  goto 45
	simple_arr_literal  goto 46


state 145
	stmt : IF LPAREN expr RPAREN stmt ELSE stmt .  (36)

	.  reduce 36


state 146
	stmt : FOR LPAREN expr_opt SEMI expr SEMI expr_opt . RPAREN stmt  (37)

	RPAREN  shift 147
	.  error


state 147
	stmt : FOR LPAREN expr_opt SEMI expr SEMI expr_opt RPAREN . stmt  (37)

	LPAREN  shift 33
	LBRACE  shift 116
	LSQUARE  shift 34
	MINUS  shift 35
	NOT  shift 36
	TRUE  shift 37
	FALSE  shift 38
	RETURN  shift 118
	IF  shift 119
	FOR  shift 120
	WHILE  shift 121
	NUM_LIT  shift 39
	FLOAT_LIT  shift 40
	STRING_LIT  shift 41
	CHAR_LITERAL  shift 42
	ID  shift 43
	.  error

	expr  goto 122
	stmt  goto 148
	id  goto 45
	simple_arr_literal  goto 46


state 148
	stmt : FOR LPAREN expr_opt SEMI expr SEMI expr_opt RPAREN stmt .  (37)

	.  reduce 37


State 58 contains 1 shift/reduce conflict.
State 59 contains 1 shift/reduce conflict.
State 92 contains 1 shift/reduce conflict.
State 93 contains 1 shift/reduce conflict.
State 94 contains 1 shift/reduce conflict.
State 95 contains 1 shift/reduce conflict.
State 96 contains 1 shift/reduce conflict.
State 97 contains 1 shift/reduce conflict.
State 98 contains 1 shift/reduce conflict.
State 99 contains 1 shift/reduce conflict.
State 100 contains 1 shift/reduce conflict.
State 101 contains 1 shift/reduce conflict.
State 102 contains 1 shift/reduce conflict.
State 103 contains 1 shift/reduce conflict.
State 104 contains 1 shift/reduce conflict.


54 terminals, 24 nonterminals
80 grammar rules, 149 states
